2025-08-13 11:00:04,018 - INFO - 全コンテンツの自動更新を開始
2025-08-13 11:00:04,018 - INFO - 季節イベントのスクレイピングを開始
2025-08-13 11:00:04,018 - INFO - つくばみらい市季節イベント をスクレイピング中...
2025-08-13 11:00:06,024 - INFO - つくば市季節イベント をスクレイピング中...
2025-08-13 11:00:08,033 - INFO - 守谷市季節イベント をスクレイピング中...
2025-08-13 11:00:10,041 - INFO - 取手市季節イベント をスクレイピング中...
2025-08-13 11:00:12,050 - INFO - 季節イベントスクレイピング完了: 4件
2025-08-13 11:00:12,050 - INFO - グルメ情報のスクレイピングを開始
2025-08-13 11:00:12,050 - INFO - つくば市グルメ情報 をスクレイピング中...
2025-08-13 11:00:14,055 - INFO - つくばみらい市グルメ情報 をスクレイピング中...
2025-08-13 11:00:16,062 - INFO - グルメ情報スクレイピング完了: 2件
2025-08-13 11:00:16,063 - INFO - 子育て情報のスクレイピングを開始
2025-08-13 11:00:16,063 - INFO - つくば市子育て支援 をスクレイピング中...
2025-08-13 11:00:18,070 - INFO - つくばみらい市子育て支援 をスクレイピング中...
2025-08-13 11:00:20,074 - INFO - 子育て情報スクレイピング完了: 2件
2025-08-13 11:00:20,074 - INFO - 観光情報のスクレイピングを開始
2025-08-13 11:00:20,074 - INFO - つくば市観光情報 をスクレイピング中...
2025-08-13 11:00:22,080 - INFO - つくばみらい市観光情報 をスクレイピング中...
2025-08-13 11:00:24,091 - INFO - 観光情報スクレイピング完了: 2件
2025-08-13 11:00:24,091 - INFO - 文化施設情報のスクレイピングを開始
2025-08-13 11:00:24,091 - INFO - つくば市文化施設 をスクレイピング中...
2025-08-13 11:00:26,098 - INFO - つくばみらい市文化施設 をスクレイピング中...
2025-08-13 11:00:28,101 - INFO - 文化施設情報スクレイピング完了: 2件
2025-08-13 11:00:28,108 - INFO - コンテンツデータをJSONファイルにエクスポート完了
2025-08-13 11:00:28,108 - INFO - 全コンテンツの自動更新完了
