2025-08-13 11:12:52,548 - INFO - 実際の最新情報のスクレイピングを開始
2025-08-13 11:12:52,548 - INFO - === つくば市 の情報を取得中 ===
2025-08-13 11:12:52,548 - INFO - つくば市 の季節イベントをスクレイピング中...
2025-08-13 11:12:52,792 - ERROR - ページ取得エラー https://www.city.tsukuba.lg.jp/soshiki/1/event.html: 404 Client Error: Not Found for url: https://www.city.tsukuba.lg.jp/soshiki/1/event.html
2025-08-13 11:12:52,795 - INFO - つくば市 のグルメ情報をスクレイピング中...
2025-08-13 11:12:52,997 - ERROR - ページ取得エラー https://www.city.tsukuba.lg.jp/soshiki/1/event.html: 404 Client Error: Not Found for url: https://www.city.tsukuba.lg.jp/soshiki/1/event.html
2025-08-13 11:12:52,998 - INFO - つくば市 の子育て情報をスクレイピング中...
2025-08-13 11:13:05,036 - INFO - つくば市 の観光情報をスクレイピング中...
2025-08-13 11:13:18,070 - INFO - つくば市 の文化施設情報をスクレイピング中...
2025-08-13 11:13:22,988 - INFO - === つくばみらい市 の情報を取得中 ===
2025-08-13 11:13:22,988 - INFO - つくばみらい市 の季節イベントをスクレイピング中...
2025-08-13 11:13:23,116 - ERROR - ページ取得エラー https://www.city.tsukubamirai.lg.jp/soshiki/1/event.html: 404 Client Error: Not Found for url: https://www.city.tsukubamirai.lg.jp/soshiki/1/event.html
2025-08-13 11:13:23,118 - INFO - つくばみらい市 のグルメ情報をスクレイピング中...
2025-08-13 11:13:23,227 - ERROR - ページ取得エラー https://www.city.tsukubamirai.lg.jp/soshiki/1/event.html: 404 Client Error: Not Found for url: https://www.city.tsukubamirai.lg.jp/soshiki/1/event.html
2025-08-13 11:13:23,229 - INFO - つくばみらい市 の子育て情報をスクレイピング中...
2025-08-13 11:13:23,352 - ERROR - ページ取得エラー https://www.city.tsukubamirai.lg.jp/kosodate/: 404 Client Error: Not Found for url: https://www.city.tsukubamirai.lg.jp/kosodate/
2025-08-13 11:13:23,355 - INFO - つくばみらい市 の観光情報をスクレイピング中...
2025-08-13 11:13:23,487 - ERROR - ページ取得エラー https://www.city.tsukubamirai.lg.jp/kankobunka/: 404 Client Error: Not Found for url: https://www.city.tsukubamirai.lg.jp/kankobunka/
2025-08-13 11:13:23,490 - INFO - つくばみらい市 の文化施設情報をスクレイピング中...
2025-08-13 11:13:23,576 - ERROR - ページ取得エラー https://www.city.tsukubamirai.lg.jp/kankobunka/: 404 Client Error: Not Found for url: https://www.city.tsukubamirai.lg.jp/kankobunka/
2025-08-13 11:13:28,159 - INFO - === 守谷市 の情報を取得中 ===
2025-08-13 11:13:28,159 - INFO - 守谷市 の季節イベントをスクレイピング中...
2025-08-13 11:13:28,267 - ERROR - ページ取得エラー https://www.city.moriya.ibaraki.jp/soshiki/1/event.html: 404 Client Error: Not Found for url: https://www.city.moriya.ibaraki.jp/soshiki/1/event.html
2025-08-13 11:13:28,269 - INFO - 守谷市 のグルメ情報をスクレイピング中...
2025-08-13 11:13:28,337 - ERROR - ページ取得エラー https://www.city.moriya.ibaraki.jp/soshiki/1/event.html: 404 Client Error: Not Found for url: https://www.city.moriya.ibaraki.jp/soshiki/1/event.html
2025-08-13 11:13:28,339 - INFO - 守谷市 の子育て情報をスクレイピング中...
2025-08-13 11:13:37,187 - INFO - 守谷市 の観光情報をスクレイピング中...
2025-08-13 11:13:37,268 - ERROR - ページ取得エラー https://www.city.moriya.ibaraki.jp/kankobunka/: 404 Client Error: Not Found for url: https://www.city.moriya.ibaraki.jp/kankobunka/
2025-08-13 11:13:37,270 - INFO - 守谷市 の文化施設情報をスクレイピング中...
2025-08-13 11:13:37,344 - ERROR - ページ取得エラー https://www.city.moriya.ibaraki.jp/kankobunka/: 404 Client Error: Not Found for url: https://www.city.moriya.ibaraki.jp/kankobunka/
2025-08-13 11:13:41,398 - INFO - === 取手市 の情報を取得中 ===
2025-08-13 11:13:41,399 - INFO - 取手市 の季節イベントをスクレイピング中...
2025-08-13 11:13:41,630 - ERROR - ページ取得エラー https://www.city.toride.ibaraki.jp/soshiki/1/event.html: 404 Client Error: Not Found for url: https://www.city.toride.ibaraki.jp/soshiki/1/event.html
2025-08-13 11:13:41,633 - INFO - 取手市 のグルメ情報をスクレイピング中...
2025-08-13 11:13:41,758 - ERROR - ページ取得エラー https://www.city.toride.ibaraki.jp/soshiki/1/event.html: 404 Client Error: Not Found for url: https://www.city.toride.ibaraki.jp/soshiki/1/event.html
2025-08-13 11:13:41,761 - INFO - 取手市 の子育て情報をスクレイピング中...
2025-08-13 11:13:41,966 - ERROR - ページ取得エラー https://www.city.toride.ibaraki.jp/kosodate/: 403 Client Error: Forbidden for url: https://www.city.toride.ibaraki.jp/kosodate/
2025-08-13 11:13:41,970 - INFO - 取手市 の観光情報をスクレイピング中...
2025-08-13 11:13:42,168 - ERROR - ページ取得エラー https://www.city.toride.ibaraki.jp/kankobunka/: 404 Client Error: Not Found for url: https://www.city.toride.ibaraki.jp/kankobunka/
2025-08-13 11:13:42,171 - INFO - 取手市 の文化施設情報をスクレイピング中...
2025-08-13 11:13:42,272 - ERROR - ページ取得エラー https://www.city.toride.ibaraki.jp/kankobunka/: 404 Client Error: Not Found for url: https://www.city.toride.ibaraki.jp/kankobunka/
2025-08-13 11:13:46,557 - INFO - 実際のコンテンツデータをJSONファイルにエクスポート完了
2025-08-13 11:13:46,558 - INFO - 実際のスクレイピング完了: 季節イベント0件, グルメ0件, 子育て11件, 観光7件, 文化0件
