2025-08-13 11:16:31,408 - INFO - 実際の最新情報のスクレイピングを開始
2025-08-13 11:16:31,408 - INFO - === つくば市 の情報を取得中 ===
2025-08-13 11:16:31,408 - INFO - つくば市 の季節イベントをスクレイピング中...
2025-08-13 11:16:48,860 - INFO - つくば市 のグルメ情報をスクレイピング中...
2025-08-13 11:16:49,031 - INFO - つくば市 の子育て情報をスクレイピング中...
2025-08-13 11:16:57,045 - INFO - つくば市 の観光情報をスクレイピング中...
2025-08-13 11:17:06,223 - INFO - つくば市 の文化施設情報をスクレイピング中...
2025-08-13 11:17:10,783 - INFO - === つくばみらい市 の情報を取得中 ===
2025-08-13 11:17:10,784 - INFO - つくばみらい市 の季節イベントをスクレイピング中...
2025-08-13 11:17:10,891 - INFO - つくばみらい市 のグルメ情報をスクレイピング中...
2025-08-13 11:17:10,970 - INFO - つくばみらい市 の子育て情報をスクレイピング中...
2025-08-13 11:17:17,156 - ERROR - ページ取得エラー https://www.city.tsukubamirai.lg.jp/jyumin/ninshin-shussan-kosodate/shien/shiensitsu/: 404 Client Error: Not Found for url: https://www.city.tsukubamirai.lg.jp/jyumin/ninshin-shussan-kosodate/shien/shiensitsu/
2025-08-13 11:17:17,166 - INFO - つくばみらい市 の観光情報をスクレイピング中...
2025-08-13 11:17:19,828 - INFO - つくばみらい市 の文化施設情報をスクレイピング中...
2025-08-13 11:17:26,157 - INFO - === 守谷市 の情報を取得中 ===
2025-08-13 11:17:26,157 - INFO - 守谷市 の季節イベントをスクレイピング中...
2025-08-13 11:17:31,705 - INFO - 守谷市 のグルメ情報をスクレイピング中...
2025-08-13 11:17:31,839 - INFO - 守谷市 の子育て情報をスクレイピング中...
2025-08-13 11:17:34,897 - INFO - 守谷市 の観光情報をスクレイピング中...
2025-08-13 11:17:35,034 - INFO - 守谷市 の文化施設情報をスクレイピング中...
2025-08-13 11:17:41,859 - INFO - === 取手市 の情報を取得中 ===
2025-08-13 11:17:41,861 - INFO - 取手市 の季節イベントをスクレイピング中...
2025-08-13 11:17:50,984 - INFO - 取手市 のグルメ情報をスクレイピング中...
2025-08-13 11:17:51,097 - INFO - 取手市 の子育て情報をスクレイピング中...
2025-08-13 11:17:51,191 - INFO - 取手市 の観光情報をスクレイピング中...
2025-08-13 11:17:54,473 - INFO - 取手市 の文化施設情報をスクレイピング中...
2025-08-13 11:18:02,479 - INFO - 実際のコンテンツデータをJSONファイルにエクスポート完了
2025-08-13 11:18:02,479 - INFO - 実際のスクレイピング完了: 季節イベント18件, グルメ0件, 子育て11件, 観光10件, 文化4件
